[12:48:30] [ServerMain/INFO]: Environment: Environment[sessionHost=https://sessionserver.mojang.com, servicesHost=https://api.minecraftservices.com, name=PROD]
[12:48:33] [ServerMain/INFO]: Loaded 1290 recipes
[12:48:33] [ServerMain/INFO]: Loaded 1399 advancements
[12:48:34] [Server thread/INFO]: Starting minecraft server version 1.21.1
[12:48:34] [Server thread/INFO]: Loading properties
[12:48:34] [Server thread/INFO]: Default game type: ADVENTURE
[12:48:34] [Server thread/INFO]: Generating keypair
[12:48:34] [Server thread/INFO]: Starting Minecraft server on *:25565
[12:48:34] [Server thread/INFO]: Using epoll channel type
[12:48:34] [Server thread/WARN]: **** SERVER IS RUNNING IN OFFLINE/INSECURE MODE!
[12:48:34] [Server thread/WARN]: The server will make no attempt to authenticate usernames. Beware.
[12:48:34] [Server thread/WARN]: While this makes the game possible to play without internet access, it also opens up the ability for hackers to connect with any username they choose.
[12:48:34] [Server thread/WARN]: To change this, set "online-mode" to "true" in the server.properties file.
[12:48:34] [Server thread/INFO]: Preparing level "world"
[12:48:34] [Server thread/INFO]: Preparing start region for dimension minecraft:overworld
[12:48:35] [Worker-Main-1/INFO]: Preparing spawn area: 0%
[12:48:35] [Worker-Main-1/INFO]: Preparing spawn area: 0%
[12:48:35] [Server thread/INFO]: Time elapsed: 660 ms
[12:48:35] [Server thread/INFO]: Done (0.819s)! For help, type "help"
[13:02:04] [Server thread/INFO]: ELbroSetre[/127.195.83.160:45471] logged in with entity id 1 at (0.5, 4.0, 0.5)
[13:02:04] [Server thread/INFO]: ELbroSetre joined the game
[13:02:23] [Server thread/WARN]: UUID of added entity already exists: cfj['Chicken'/122, l='ServerLevel[helloween]', x=-112.43, y=4.00, z=23.60]
[13:02:23] [Server thread/WARN]: UUID of added entity already exists: cfy['Rabbit'/127, l='ServerLevel[helloween]', x=-112.88, y=4.00, z=47.83]
[13:02:26] [Server thread/WARN]: UUID of added entity already exists: cfl['Cow'/149, l='ServerLevel[helloween]', x=-112.04, y=4.00, z=-98.36]
[13:03:09] [Server thread/INFO]: ELbroSetre was shot by Skeleton
[13:03:13] [Server thread/INFO]: ELbroSetre lost connection: Disconnected
[13:03:13] [Server thread/INFO]: ELbroSetre left the game
[13:03:35] [Server thread/ERROR]: Could not save data cok@513cd862
java.nio.file.NoSuchFileException: ./world/data/raids.dat
	at java.base/sun.nio.fs.UnixException.translateToIOException(UnixException.java:92) ~[?:?]
	at java.base/sun.nio.fs.UnixException.rethrowAsIOException(UnixException.java:106) ~[?:?]
	at java.base/sun.nio.fs.UnixException.rethrowAsIOException(UnixException.java:111) ~[?:?]
	at java.base/sun.nio.fs.UnixFileSystemProvider.newByteChannel(UnixFileSystemProvider.java:261) ~[?:?]
	at java.base/java.nio.file.spi.FileSystemProvider.newOutputStream(FileSystemProvider.java:482) ~[?:?]
	at java.base/java.nio.file.Files.newOutputStream(Files.java:227) ~[?:?]
	at uo.a(SourceFile:71) ~[server-1.21.1.jar:?]
	at eql.a(SourceFile:46) ~[server-1.21.1.jar:?]
	at eqz.b(SourceFile:127) ~[server-1.21.1.jar:?]
	at java.base/java.util.HashMap.forEach(HashMap.java:1429) ~[?:?]
	at eqz.a(SourceFile:125) ~[server-1.21.1.jar:?]
	at aqu.av(SourceFile:833) ~[server-1.21.1.jar:?]
	at aqu.a(SourceFile:815) ~[server-1.21.1.jar:?]
	at net.minecraft.server.MinecraftServer.a(SourceFile:556) ~[server-1.21.1.jar:?]
	at net.minecraft.server.MinecraftServer.b(SourceFile:580) ~[server-1.21.1.jar:?]
	at net.minecraft.server.MinecraftServer.a(SourceFile:924) ~[server-1.21.1.jar:?]
	at net.minecraft.server.MinecraftServer.y(SourceFile:697) ~[server-1.21.1.jar:?]
	at net.minecraft.server.MinecraftServer.a(SourceFile:281) ~[server-1.21.1.jar:?]
	at java.base/java.lang.Thread.run(Thread.java:1583) [?:?]
[13:03:35] [Server thread/ERROR]: Could not save data bqy@7dd45e
java.nio.file.NoSuchFileException: ./world/data/random_sequences.dat
	at java.base/sun.nio.fs.UnixException.translateToIOException(UnixException.java:92) ~[?:?]
	at java.base/sun.nio.fs.UnixException.rethrowAsIOException(UnixException.java:106) ~[?:?]
	at java.base/sun.nio.fs.UnixException.rethrowAsIOException(UnixException.java:111) ~[?:?]
	at java.base/sun.nio.fs.UnixFileSystemProvider.newByteChannel(UnixFileSystemProvider.java:261) ~[?:?]
	at java.base/java.nio.file.spi.FileSystemProvider.newOutputStream(FileSystemProvider.java:482) ~[?:?]
	at java.base/java.nio.file.Files.newOutputStream(Files.java:227) ~[?:?]
	at uo.a(SourceFile:71) ~[server-1.21.1.jar:?]
	at eql.a(SourceFile:46) ~[server-1.21.1.jar:?]
	at eqz.b(SourceFile:127) ~[server-1.21.1.jar:?]
	at java.base/java.util.HashMap.forEach(HashMap.java:1429) ~[?:?]
	at eqz.a(SourceFile:125) ~[server-1.21.1.jar:?]
	at aqu.av(SourceFile:833) ~[server-1.21.1.jar:?]
	at aqu.a(SourceFile:815) ~[server-1.21.1.jar:?]
	at net.minecraft.server.MinecraftServer.a(SourceFile:556) ~[server-1.21.1.jar:?]
	at net.minecraft.server.MinecraftServer.b(SourceFile:580) ~[server-1.21.1.jar:?]
	at net.minecraft.server.MinecraftServer.a(SourceFile:924) ~[server-1.21.1.jar:?]
	at net.minecraft.server.MinecraftServer.y(SourceFile:697) ~[server-1.21.1.jar:?]
	at net.minecraft.server.MinecraftServer.a(SourceFile:281) ~[server-1.21.1.jar:?]
	at java.base/java.lang.Thread.run(Thread.java:1583) [?:?]
[13:03:35] [Server thread/ERROR]: Could not save data cok@3c002402
java.nio.file.NoSuchFileException: ./world/DIM-1/data/raids.dat
	at java.base/sun.nio.fs.UnixException.translateToIOException(UnixException.java:92) ~[?:?]
	at java.base/sun.nio.fs.UnixException.rethrowAsIOException(UnixException.java:106) ~[?:?]
	at java.base/sun.nio.fs.UnixException.rethrowAsIOException(UnixException.java:111) ~[?:?]
	at java.base/sun.nio.fs.UnixFileSystemProvider.newByteChannel(UnixFileSystemProvider.java:261) ~[?:?]
	at java.base/java.nio.file.spi.FileSystemProvider.newOutputStream(FileSystemProvider.java:482) ~[?:?]
	at java.base/java.nio.file.Files.newOutputStream(Files.java:227) ~[?:?]
	at uo.a(SourceFile:71) ~[server-1.21.1.jar:?]
	at eql.a(SourceFile:46) ~[server-1.21.1.jar:?]
	at eqz.b(SourceFile:127) ~[server-1.21.1.jar:?]
	at java.base/java.util.HashMap.forEach(HashMap.java:1429) ~[?:?]
	at eqz.a(SourceFile:125) ~[server-1.21.1.jar:?]
	at aqu.av(SourceFile:833) ~[server-1.21.1.jar:?]
	at aqu.a(SourceFile:815) ~[server-1.21.1.jar:?]
	at net.minecraft.server.MinecraftServer.a(SourceFile:556) ~[server-1.21.1.jar:?]
	at net.minecraft.server.MinecraftServer.b(SourceFile:580) ~[server-1.21.1.jar:?]
	at net.minecraft.server.MinecraftServer.a(SourceFile:924) ~[server-1.21.1.jar:?]
	at net.minecraft.server.MinecraftServer.y(SourceFile:697) ~[server-1.21.1.jar:?]
	at net.minecraft.server.MinecraftServer.a(SourceFile:281) ~[server-1.21.1.jar:?]
	at java.base/java.lang.Thread.run(Thread.java:1583) [?:?]
[13:03:35] [Server thread/ERROR]: Could not save data cok@5d52ab2e
java.nio.file.NoSuchFileException: ./world/DIM1/data/raids_end.dat
	at java.base/sun.nio.fs.UnixException.translateToIOException(UnixException.java:92) ~[?:?]
	at java.base/sun.nio.fs.UnixException.rethrowAsIOException(UnixException.java:106) ~[?:?]
	at java.base/sun.nio.fs.UnixException.rethrowAsIOException(UnixException.java:111) ~[?:?]
	at java.base/sun.nio.fs.UnixFileSystemProvider.newByteChannel(UnixFileSystemProvider.java:261) ~[?:?]
	at java.base/java.nio.file.spi.FileSystemProvider.newOutputStream(FileSystemProvider.java:482) ~[?:?]
	at java.base/java.nio.file.Files.newOutputStream(Files.java:227) ~[?:?]
	at uo.a(SourceFile:71) ~[server-1.21.1.jar:?]
	at eql.a(SourceFile:46) ~[server-1.21.1.jar:?]
	at eqz.b(SourceFile:127) ~[server-1.21.1.jar:?]
	at java.base/java.util.HashMap.forEach(HashMap.java:1429) ~[?:?]
	at eqz.a(SourceFile:125) ~[server-1.21.1.jar:?]
	at aqu.av(SourceFile:833) ~[server-1.21.1.jar:?]
	at aqu.a(SourceFile:815) ~[server-1.21.1.jar:?]
	at net.minecraft.server.MinecraftServer.a(SourceFile:556) ~[server-1.21.1.jar:?]
	at net.minecraft.server.MinecraftServer.b(SourceFile:580) ~[server-1.21.1.jar:?]
	at net.minecraft.server.MinecraftServer.a(SourceFile:924) ~[server-1.21.1.jar:?]
	at net.minecraft.server.MinecraftServer.y(SourceFile:697) ~[server-1.21.1.jar:?]
	at net.minecraft.server.MinecraftServer.a(SourceFile:281) ~[server-1.21.1.jar:?]
	at java.base/java.lang.Thread.run(Thread.java:1583) [?:?]
[13:03:35] [Server thread/ERROR]: Failed to save level ./world
java.nio.file.NoSuchFileException: ./world/level13752170071469610517.dat
	at java.base/sun.nio.fs.UnixException.translateToIOException(UnixException.java:92) ~[?:?]
	at java.base/sun.nio.fs.UnixException.rethrowAsIOException(UnixException.java:106) ~[?:?]
	at java.base/sun.nio.fs.UnixException.rethrowAsIOException(UnixException.java:111) ~[?:?]
	at java.base/sun.nio.fs.UnixFileSystemProvider.newByteChannel(UnixFileSystemProvider.java:261) ~[?:?]
	at java.base/java.nio.file.Files.newByteChannel(Files.java:379) ~[?:?]
	at java.base/java.nio.file.Files.createFile(Files.java:657) ~[?:?]
	at java.base/java.nio.file.TempFileHelper.create(TempFileHelper.java:136) ~[?:?]
	at java.base/java.nio.file.TempFileHelper.createTempFile(TempFileHelper.java:159) ~[?:?]
	at java.base/java.nio.file.Files.createTempFile(Files.java:878) ~[?:?]
	at erf$c.a(SourceFile:463) ~[server-1.21.1.jar:?]
	at erf$c.a(SourceFile:457) ~[server-1.21.1.jar:?]
	at net.minecraft.server.MinecraftServer.a(SourceFile:563) ~[server-1.21.1.jar:?]
	at net.minecraft.server.MinecraftServer.b(SourceFile:580) ~[server-1.21.1.jar:?]
	at net.minecraft.server.MinecraftServer.a(SourceFile:924) ~[server-1.21.1.jar:?]
	at net.minecraft.server.MinecraftServer.y(SourceFile:697) ~[server-1.21.1.jar:?]
	at net.minecraft.server.MinecraftServer.a(SourceFile:281) ~[server-1.21.1.jar:?]
	at java.base/java.lang.Thread.run(Thread.java:1583) [?:?]
[13:08:35] [Server thread/ERROR]: Could not save data cok@513cd862
java.nio.file.NoSuchFileException: ./world/data/raids.dat
	at java.base/sun.nio.fs.UnixException.translateToIOException(UnixException.java:92) ~[?:?]
	at java.base/sun.nio.fs.UnixException.rethrowAsIOException(UnixException.java:106) ~[?:?]
	at java.base/sun.nio.fs.UnixException.rethrowAsIOException(UnixException.java:111) ~[?:?]
	at java.base/sun.nio.fs.UnixFileSystemProvider.newByteChannel(UnixFileSystemProvider.java:261) ~[?:?]
	at java.base/java.nio.file.spi.FileSystemProvider.newOutputStream(FileSystemProvider.java:482) ~[?:?]
	at java.base/java.nio.file.Files.newOutputStream(Files.java:227) ~[?:?]
	at uo.a(SourceFile:71) ~[server-1.21.1.jar:?]
	at eql.a(SourceFile:46) ~[server-1.21.1.jar:?]
	at eqz.b(SourceFile:127) ~[server-1.21.1.jar:?]
	at java.base/java.util.HashMap.forEach(HashMap.java:1429) ~[?:?]
	at eqz.a(SourceFile:125) ~[server-1.21.1.jar:?]
	at aqu.av(SourceFile:833) ~[server-1.21.1.jar:?]
	at aqu.a(SourceFile:815) ~[server-1.21.1.jar:?]
	at net.minecraft.server.MinecraftServer.a(SourceFile:556) ~[server-1.21.1.jar:?]
	at net.minecraft.server.MinecraftServer.b(SourceFile:580) ~[server-1.21.1.jar:?]
	at net.minecraft.server.MinecraftServer.a(SourceFile:924) ~[server-1.21.1.jar:?]
	at net.minecraft.server.MinecraftServer.y(SourceFile:697) ~[server-1.21.1.jar:?]
	at net.minecraft.server.MinecraftServer.a(SourceFile:281) ~[server-1.21.1.jar:?]
	at java.base/java.lang.Thread.run(Thread.java:1583) [?:?]
[13:08:35] [Server thread/ERROR]: Could not save data cok@3c002402
java.nio.file.NoSuchFileException: ./world/DIM-1/data/raids.dat
	at java.base/sun.nio.fs.UnixException.translateToIOException(UnixException.java:92) ~[?:?]
	at java.base/sun.nio.fs.UnixException.rethrowAsIOException(UnixException.java:106) ~[?:?]
	at java.base/sun.nio.fs.UnixException.rethrowAsIOException(UnixException.java:111) ~[?:?]
	at java.base/sun.nio.fs.UnixFileSystemProvider.newByteChannel(UnixFileSystemProvider.java:261) ~[?:?]
	at java.base/java.nio.file.spi.FileSystemProvider.newOutputStream(FileSystemProvider.java:482) ~[?:?]
	at java.base/java.nio.file.Files.newOutputStream(Files.java:227) ~[?:?]
	at uo.a(SourceFile:71) ~[server-1.21.1.jar:?]
	at eql.a(SourceFile:46) ~[server-1.21.1.jar:?]
	at eqz.b(SourceFile:127) ~[server-1.21.1.jar:?]
	at java.base/java.util.HashMap.forEach(HashMap.java:1429) ~[?:?]
	at eqz.a(SourceFile:125) ~[server-1.21.1.jar:?]
	at aqu.av(SourceFile:833) ~[server-1.21.1.jar:?]
	at aqu.a(SourceFile:815) ~[server-1.21.1.jar:?]
	at net.minecraft.server.MinecraftServer.a(SourceFile:556) ~[server-1.21.1.jar:?]
	at net.minecraft.server.MinecraftServer.b(SourceFile:580) ~[server-1.21.1.jar:?]
	at net.minecraft.server.MinecraftServer.a(SourceFile:924) ~[server-1.21.1.jar:?]
	at net.minecraft.server.MinecraftServer.y(SourceFile:697) ~[server-1.21.1.jar:?]
	at net.minecraft.server.MinecraftServer.a(SourceFile:281) ~[server-1.21.1.jar:?]
	at java.base/java.lang.Thread.run(Thread.java:1583) [?:?]
[13:08:35] [Server thread/ERROR]: Could not save data cok@5d52ab2e
java.nio.file.NoSuchFileException: ./world/DIM1/data/raids_end.dat
	at java.base/sun.nio.fs.UnixException.translateToIOException(UnixException.java:92) ~[?:?]
	at java.base/sun.nio.fs.UnixException.rethrowAsIOException(UnixException.java:106) ~[?:?]
	at java.base/sun.nio.fs.UnixException.rethrowAsIOException(UnixException.java:111) ~[?:?]
	at java.base/sun.nio.fs.UnixFileSystemProvider.newByteChannel(UnixFileSystemProvider.java:261) ~[?:?]
	at java.base/java.nio.file.spi.FileSystemProvider.newOutputStream(FileSystemProvider.java:482) ~[?:?]
	at java.base/java.nio.file.Files.newOutputStream(Files.java:227) ~[?:?]
	at uo.a(SourceFile:71) ~[server-1.21.1.jar:?]
	at eql.a(SourceFile:46) ~[server-1.21.1.jar:?]
	at eqz.b(SourceFile:127) ~[server-1.21.1.jar:?]
	at java.base/java.util.HashMap.forEach(HashMap.java:1429) ~[?:?]
	at eqz.a(SourceFile:125) ~[server-1.21.1.jar:?]
	at aqu.av(SourceFile:833) ~[server-1.21.1.jar:?]
	at aqu.a(SourceFile:815) ~[server-1.21.1.jar:?]
	at net.minecraft.server.MinecraftServer.a(SourceFile:556) ~[server-1.21.1.jar:?]
	at net.minecraft.server.MinecraftServer.b(SourceFile:580) ~[server-1.21.1.jar:?]
	at net.minecraft.server.MinecraftServer.a(SourceFile:924) ~[server-1.21.1.jar:?]
	at net.minecraft.server.MinecraftServer.y(SourceFile:697) ~[server-1.21.1.jar:?]
	at net.minecraft.server.MinecraftServer.a(SourceFile:281) ~[server-1.21.1.jar:?]
	at java.base/java.lang.Thread.run(Thread.java:1583) [?:?]
[13:08:35] [Server thread/ERROR]: Failed to save level ./world
java.nio.file.NoSuchFileException: ./world/level2430353944198668940.dat
	at java.base/sun.nio.fs.UnixException.translateToIOException(UnixException.java:92) ~[?:?]
	at java.base/sun.nio.fs.UnixException.rethrowAsIOException(UnixException.java:106) ~[?:?]
	at java.base/sun.nio.fs.UnixException.rethrowAsIOException(UnixException.java:111) ~[?:?]
	at java.base/sun.nio.fs.UnixFileSystemProvider.newByteChannel(UnixFileSystemProvider.java:261) ~[?:?]
	at java.base/java.nio.file.Files.newByteChannel(Files.java:379) ~[?:?]
	at java.base/java.nio.file.Files.createFile(Files.java:657) ~[?:?]
	at java.base/java.nio.file.TempFileHelper.create(TempFileHelper.java:136) ~[?:?]
	at java.base/java.nio.file.TempFileHelper.createTempFile(TempFileHelper.java:159) ~[?:?]
	at java.base/java.nio.file.Files.createTempFile(Files.java:878) ~[?:?]
	at erf$c.a(SourceFile:463) ~[server-1.21.1.jar:?]
	at erf$c.a(SourceFile:457) ~[server-1.21.1.jar:?]
	at net.minecraft.server.MinecraftServer.a(SourceFile:563) ~[server-1.21.1.jar:?]
	at net.minecraft.server.MinecraftServer.b(SourceFile:580) ~[server-1.21.1.jar:?]
	at net.minecraft.server.MinecraftServer.a(SourceFile:924) ~[server-1.21.1.jar:?]
	at net.minecraft.server.MinecraftServer.y(SourceFile:697) ~[server-1.21.1.jar:?]
	at net.minecraft.server.MinecraftServer.a(SourceFile:281) ~[server-1.21.1.jar:?]
	at java.base/java.lang.Thread.run(Thread.java:1583) [?:?]
[13:13:35] [Server thread/ERROR]: Could not save data cok@513cd862
java.nio.file.NoSuchFileException: ./world/data/raids.dat
	at java.base/sun.nio.fs.UnixException.translateToIOException(UnixException.java:92) ~[?:?]
	at java.base/sun.nio.fs.UnixException.rethrowAsIOException(UnixException.java:106) ~[?:?]
	at java.base/sun.nio.fs.UnixException.rethrowAsIOException(UnixException.java:111) ~[?:?]
	at java.base/sun.nio.fs.UnixFileSystemProvider.newByteChannel(UnixFileSystemProvider.java:261) ~[?:?]
	at java.base/java.nio.file.spi.FileSystemProvider.newOutputStream(FileSystemProvider.java:482) ~[?:?]
	at java.base/java.nio.file.Files.newOutputStream(Files.java:227) ~[?:?]
	at uo.a(SourceFile:71) ~[server-1.21.1.jar:?]
	at eql.a(SourceFile:46) ~[server-1.21.1.jar:?]
	at eqz.b(SourceFile:127) ~[server-1.21.1.jar:?]
	at java.base/java.util.HashMap.forEach(HashMap.java:1429) ~[?:?]
	at eqz.a(SourceFile:125) ~[server-1.21.1.jar:?]
	at aqu.av(SourceFile:833) ~[server-1.21.1.jar:?]
	at aqu.a(SourceFile:815) ~[server-1.21.1.jar:?]
	at net.minecraft.server.MinecraftServer.a(SourceFile:556) ~[server-1.21.1.jar:?]
	at net.minecraft.server.MinecraftServer.b(SourceFile:580) ~[server-1.21.1.jar:?]
	at net.minecraft.server.MinecraftServer.a(SourceFile:924) ~[server-1.21.1.jar:?]
	at net.minecraft.server.MinecraftServer.y(SourceFile:697) ~[server-1.21.1.jar:?]
	at net.minecraft.server.MinecraftServer.a(SourceFile:281) ~[server-1.21.1.jar:?]
	at java.base/java.lang.Thread.run(Thread.java:1583) [?:?]
[13:13:35] [Server thread/ERROR]: Could not save data cok@3c002402
java.nio.file.NoSuchFileException: ./world/DIM-1/data/raids.dat
	at java.base/sun.nio.fs.UnixException.translateToIOException(UnixException.java:92) ~[?:?]
	at java.base/sun.nio.fs.UnixException.rethrowAsIOException(UnixException.java:106) ~[?:?]
	at java.base/sun.nio.fs.UnixException.rethrowAsIOException(UnixException.java:111) ~[?:?]
	at java.base/sun.nio.fs.UnixFileSystemProvider.newByteChannel(UnixFileSystemProvider.java:261) ~[?:?]
	at java.base/java.nio.file.spi.FileSystemProvider.newOutputStream(FileSystemProvider.java:482) ~[?:?]
	at java.base/java.nio.file.Files.newOutputStream(Files.java:227) ~[?:?]
	at uo.a(SourceFile:71) ~[server-1.21.1.jar:?]
	at eql.a(SourceFile:46) ~[server-1.21.1.jar:?]
	at eqz.b(SourceFile:127) ~[server-1.21.1.jar:?]
	at java.base/java.util.HashMap.forEach(HashMap.java:1429) ~[?:?]
	at eqz.a(SourceFile:125) ~[server-1.21.1.jar:?]
	at aqu.av(SourceFile:833) ~[server-1.21.1.jar:?]
	at aqu.a(SourceFile:815) ~[server-1.21.1.jar:?]
	at net.minecraft.server.MinecraftServer.a(SourceFile:556) ~[server-1.21.1.jar:?]
	at net.minecraft.server.MinecraftServer.b(SourceFile:580) ~[server-1.21.1.jar:?]
	at net.minecraft.server.MinecraftServer.a(SourceFile:924) ~[server-1.21.1.jar:?]
	at net.minecraft.server.MinecraftServer.y(SourceFile:697) ~[server-1.21.1.jar:?]
	at net.minecraft.server.MinecraftServer.a(SourceFile:281) ~[server-1.21.1.jar:?]
	at java.base/java.lang.Thread.run(Thread.java:1583) [?:?]
[13:13:35] [Server thread/ERROR]: Could not save data cok@5d52ab2e
java.nio.file.NoSuchFileException: ./world/DIM1/data/raids_end.dat
	at java.base/sun.nio.fs.UnixException.translateToIOException(UnixException.java:92) ~[?:?]
	at java.base/sun.nio.fs.UnixException.rethrowAsIOException(UnixException.java:106) ~[?:?]
	at java.base/sun.nio.fs.UnixException.rethrowAsIOException(UnixException.java:111) ~[?:?]
	at java.base/sun.nio.fs.UnixFileSystemProvider.newByteChannel(UnixFileSystemProvider.java:261) ~[?:?]
	at java.base/java.nio.file.spi.FileSystemProvider.newOutputStream(FileSystemProvider.java:482) ~[?:?]
	at java.base/java.nio.file.Files.newOutputStream(Files.java:227) ~[?:?]
	at uo.a(SourceFile:71) ~[server-1.21.1.jar:?]
	at eql.a(SourceFile:46) ~[server-1.21.1.jar:?]
	at eqz.b(SourceFile:127) ~[server-1.21.1.jar:?]
	at java.base/java.util.HashMap.forEach(HashMap.java:1429) ~[?:?]
	at eqz.a(SourceFile:125) ~[server-1.21.1.jar:?]
	at aqu.av(SourceFile:833) ~[server-1.21.1.jar:?]
	at aqu.a(SourceFile:815) ~[server-1.21.1.jar:?]
	at net.minecraft.server.MinecraftServer.a(SourceFile:556) ~[server-1.21.1.jar:?]
	at net.minecraft.server.MinecraftServer.b(SourceFile:580) ~[server-1.21.1.jar:?]
	at net.minecraft.server.MinecraftServer.a(SourceFile:924) ~[server-1.21.1.jar:?]
	at net.minecraft.server.MinecraftServer.y(SourceFile:697) ~[server-1.21.1.jar:?]
	at net.minecraft.server.MinecraftServer.a(SourceFile:281) ~[server-1.21.1.jar:?]
	at java.base/java.lang.Thread.run(Thread.java:1583) [?:?]
[13:13:35] [Server thread/ERROR]: Failed to save level ./world
java.nio.file.NoSuchFileException: ./world/level10912599598511008541.dat
	at java.base/sun.nio.fs.UnixException.translateToIOException(UnixException.java:92) ~[?:?]
	at java.base/sun.nio.fs.UnixException.rethrowAsIOException(UnixException.java:106) ~[?:?]
	at java.base/sun.nio.fs.UnixException.rethrowAsIOException(UnixException.java:111) ~[?:?]
	at java.base/sun.nio.fs.UnixFileSystemProvider.newByteChannel(UnixFileSystemProvider.java:261) ~[?:?]
	at java.base/java.nio.file.Files.newByteChannel(Files.java:379) ~[?:?]
	at java.base/java.nio.file.Files.createFile(Files.java:657) ~[?:?]
	at java.base/java.nio.file.TempFileHelper.create(TempFileHelper.java:136) ~[?:?]
	at java.base/java.nio.file.TempFileHelper.createTempFile(TempFileHelper.java:159) ~[?:?]
	at java.base/java.nio.file.Files.createTempFile(Files.java:878) ~[?:?]
	at erf$c.a(SourceFile:463) ~[server-1.21.1.jar:?]
	at erf$c.a(SourceFile:457) ~[server-1.21.1.jar:?]
	at net.minecraft.server.MinecraftServer.a(SourceFile:563) ~[server-1.21.1.jar:?]
	at net.minecraft.server.MinecraftServer.b(SourceFile:580) ~[server-1.21.1.jar:?]
	at net.minecraft.server.MinecraftServer.a(SourceFile:924) ~[server-1.21.1.jar:?]
	at net.minecraft.server.MinecraftServer.y(SourceFile:697) ~[server-1.21.1.jar:?]
	at net.minecraft.server.MinecraftServer.a(SourceFile:281) ~[server-1.21.1.jar:?]
	at java.base/java.lang.Thread.run(Thread.java:1583) [?:?]
[13:18:35] [Server thread/ERROR]: Could not save data cok@513cd862
java.nio.file.NoSuchFileException: ./world/data/raids.dat
	at java.base/sun.nio.fs.UnixException.translateToIOException(UnixException.java:92) ~[?:?]
	at java.base/sun.nio.fs.UnixException.rethrowAsIOException(UnixException.java:106) ~[?:?]
	at java.base/sun.nio.fs.UnixException.rethrowAsIOException(UnixException.java:111) ~[?:?]
	at java.base/sun.nio.fs.UnixFileSystemProvider.newByteChannel(UnixFileSystemProvider.java:261) ~[?:?]
	at java.base/java.nio.file.spi.FileSystemProvider.newOutputStream(FileSystemProvider.java:482) ~[?:?]
	at java.base/java.nio.file.Files.newOutputStream(Files.java:227) ~[?:?]
	at uo.a(SourceFile:71) ~[server-1.21.1.jar:?]
	at eql.a(SourceFile:46) ~[server-1.21.1.jar:?]
	at eqz.b(SourceFile:127) ~[server-1.21.1.jar:?]
	at java.base/java.util.HashMap.forEach(HashMap.java:1429) ~[?:?]
	at eqz.a(SourceFile:125) ~[server-1.21.1.jar:?]
	at aqu.av(SourceFile:833) ~[server-1.21.1.jar:?]
	at aqu.a(SourceFile:815) ~[server-1.21.1.jar:?]
	at net.minecraft.server.MinecraftServer.a(SourceFile:556) ~[server-1.21.1.jar:?]
	at net.minecraft.server.MinecraftServer.b(SourceFile:580) ~[server-1.21.1.jar:?]
	at net.minecraft.server.MinecraftServer.a(SourceFile:924) ~[server-1.21.1.jar:?]
	at net.minecraft.server.MinecraftServer.y(SourceFile:697) ~[server-1.21.1.jar:?]
	at net.minecraft.server.MinecraftServer.a(SourceFile:281) ~[server-1.21.1.jar:?]
	at java.base/java.lang.Thread.run(Thread.java:1583) [?:?]
[13:18:35] [Server thread/ERROR]: Could not save data cok@3c002402
java.nio.file.NoSuchFileException: ./world/DIM-1/data/raids.dat
	at java.base/sun.nio.fs.UnixException.translateToIOException(UnixException.java:92) ~[?:?]
	at java.base/sun.nio.fs.UnixException.rethrowAsIOException(UnixException.java:106) ~[?:?]
	at java.base/sun.nio.fs.UnixException.rethrowAsIOException(UnixException.java:111) ~[?:?]
	at java.base/sun.nio.fs.UnixFileSystemProvider.newByteChannel(UnixFileSystemProvider.java:261) ~[?:?]
	at java.base/java.nio.file.spi.FileSystemProvider.newOutputStream(FileSystemProvider.java:482) ~[?:?]
	at java.base/java.nio.file.Files.newOutputStream(Files.java:227) ~[?:?]
	at uo.a(SourceFile:71) ~[server-1.21.1.jar:?]
	at eql.a(SourceFile:46) ~[server-1.21.1.jar:?]
	at eqz.b(SourceFile:127) ~[server-1.21.1.jar:?]
	at java.base/java.util.HashMap.forEach(HashMap.java:1429) ~[?:?]
	at eqz.a(SourceFile:125) ~[server-1.21.1.jar:?]
	at aqu.av(SourceFile:833) ~[server-1.21.1.jar:?]
	at aqu.a(SourceFile:815) ~[server-1.21.1.jar:?]
	at net.minecraft.server.MinecraftServer.a(SourceFile:556) ~[server-1.21.1.jar:?]
	at net.minecraft.server.MinecraftServer.b(SourceFile:580) ~[server-1.21.1.jar:?]
	at net.minecraft.server.MinecraftServer.a(SourceFile:924) ~[server-1.21.1.jar:?]
	at net.minecraft.server.MinecraftServer.y(SourceFile:697) ~[server-1.21.1.jar:?]
	at net.minecraft.server.MinecraftServer.a(SourceFile:281) ~[server-1.21.1.jar:?]
	at java.base/java.lang.Thread.run(Thread.java:1583) [?:?]
[13:18:35] [Server thread/ERROR]: Could not save data cok@5d52ab2e
java.nio.file.NoSuchFileException: ./world/DIM1/data/raids_end.dat
	at java.base/sun.nio.fs.UnixException.translateToIOException(UnixException.java:92) ~[?:?]
	at java.base/sun.nio.fs.UnixException.rethrowAsIOException(UnixException.java:106) ~[?:?]
	at java.base/sun.nio.fs.UnixException.rethrowAsIOException(UnixException.java:111) ~[?:?]
	at java.base/sun.nio.fs.UnixFileSystemProvider.newByteChannel(UnixFileSystemProvider.java:261) ~[?:?]
	at java.base/java.nio.file.spi.FileSystemProvider.newOutputStream(FileSystemProvider.java:482) ~[?:?]
	at java.base/java.nio.file.Files.newOutputStream(Files.java:227) ~[?:?]
	at uo.a(SourceFile:71) ~[server-1.21.1.jar:?]
	at eql.a(SourceFile:46) ~[server-1.21.1.jar:?]
	at eqz.b(SourceFile:127) ~[server-1.21.1.jar:?]
	at java.base/java.util.HashMap.forEach(HashMap.java:1429) ~[?:?]
	at eqz.a(SourceFile:125) ~[server-1.21.1.jar:?]
	at aqu.av(SourceFile:833) ~[server-1.21.1.jar:?]
	at aqu.a(SourceFile:815) ~[server-1.21.1.jar:?]
	at net.minecraft.server.MinecraftServer.a(SourceFile:556) ~[server-1.21.1.jar:?]
	at net.minecraft.server.MinecraftServer.b(SourceFile:580) ~[server-1.21.1.jar:?]
	at net.minecraft.server.MinecraftServer.a(SourceFile:924) ~[server-1.21.1.jar:?]
	at net.minecraft.server.MinecraftServer.y(SourceFile:697) ~[server-1.21.1.jar:?]
	at net.minecraft.server.MinecraftServer.a(SourceFile:281) ~[server-1.21.1.jar:?]
	at java.base/java.lang.Thread.run(Thread.java:1583) [?:?]
[13:18:35] [Server thread/ERROR]: Failed to save level ./world
java.nio.file.NoSuchFileException: ./world/level7296677168727378820.dat
	at java.base/sun.nio.fs.UnixException.translateToIOException(UnixException.java:92) ~[?:?]
	at java.base/sun.nio.fs.UnixException.rethrowAsIOException(UnixException.java:106) ~[?:?]
	at java.base/sun.nio.fs.UnixException.rethrowAsIOException(UnixException.java:111) ~[?:?]
	at java.base/sun.nio.fs.UnixFileSystemProvider.newByteChannel(UnixFileSystemProvider.java:261) ~[?:?]
	at java.base/java.nio.file.Files.newByteChannel(Files.java:379) ~[?:?]
	at java.base/java.nio.file.Files.createFile(Files.java:657) ~[?:?]
	at java.base/java.nio.file.TempFileHelper.create(TempFileHelper.java:136) ~[?:?]
	at java.base/java.nio.file.TempFileHelper.createTempFile(TempFileHelper.java:159) ~[?:?]
	at java.base/java.nio.file.Files.createTempFile(Files.java:878) ~[?:?]
	at erf$c.a(SourceFile:463) ~[server-1.21.1.jar:?]
	at erf$c.a(SourceFile:457) ~[server-1.21.1.jar:?]
	at net.minecraft.server.MinecraftServer.a(SourceFile:563) ~[server-1.21.1.jar:?]
	at net.minecraft.server.MinecraftServer.b(SourceFile:580) ~[server-1.21.1.jar:?]
	at net.minecraft.server.MinecraftServer.a(SourceFile:924) ~[server-1.21.1.jar:?]
	at net.minecraft.server.MinecraftServer.y(SourceFile:697) ~[server-1.21.1.jar:?]
	at net.minecraft.server.MinecraftServer.a(SourceFile:281) ~[server-1.21.1.jar:?]
	at java.base/java.lang.Thread.run(Thread.java:1583) [?:?]
[13:23:35] [Server thread/ERROR]: Could not save data cok@513cd862
java.nio.file.NoSuchFileException: ./world/data/raids.dat
	at java.base/sun.nio.fs.UnixException.translateToIOException(UnixException.java:92) ~[?:?]
	at java.base/sun.nio.fs.UnixException.rethrowAsIOException(UnixException.java:106) ~[?:?]
	at java.base/sun.nio.fs.UnixException.rethrowAsIOException(UnixException.java:111) ~[?:?]
	at java.base/sun.nio.fs.UnixFileSystemProvider.newByteChannel(UnixFileSystemProvider.java:261) ~[?:?]
	at java.base/java.nio.file.spi.FileSystemProvider.newOutputStream(FileSystemProvider.java:482) ~[?:?]
	at java.base/java.nio.file.Files.newOutputStream(Files.java:227) ~[?:?]
	at uo.a(SourceFile:71) ~[server-1.21.1.jar:?]
	at eql.a(SourceFile:46) ~[server-1.21.1.jar:?]
	at eqz.b(SourceFile:127) ~[server-1.21.1.jar:?]
	at java.base/java.util.HashMap.forEach(HashMap.java:1429) ~[?:?]
	at eqz.a(SourceFile:125) ~[server-1.21.1.jar:?]
	at aqu.av(SourceFile:833) ~[server-1.21.1.jar:?]
	at aqu.a(SourceFile:815) ~[server-1.21.1.jar:?]
	at net.minecraft.server.MinecraftServer.a(SourceFile:556) ~[server-1.21.1.jar:?]
	at net.minecraft.server.MinecraftServer.b(SourceFile:580) ~[server-1.21.1.jar:?]
	at net.minecraft.server.MinecraftServer.a(SourceFile:924) ~[server-1.21.1.jar:?]
	at net.minecraft.server.MinecraftServer.y(SourceFile:697) ~[server-1.21.1.jar:?]
	at net.minecraft.server.MinecraftServer.a(SourceFile:281) ~[server-1.21.1.jar:?]
	at java.base/java.lang.Thread.run(Thread.java:1583) [?:?]
[13:23:35] [Server thread/ERROR]: Could not save data cok@3c002402
java.nio.file.NoSuchFileException: ./world/DIM-1/data/raids.dat
	at java.base/sun.nio.fs.UnixException.translateToIOException(UnixException.java:92) ~[?:?]
	at java.base/sun.nio.fs.UnixException.rethrowAsIOException(UnixException.java:106) ~[?:?]
	at java.base/sun.nio.fs.UnixException.rethrowAsIOException(UnixException.java:111) ~[?:?]
	at java.base/sun.nio.fs.UnixFileSystemProvider.newByteChannel(UnixFileSystemProvider.java:261) ~[?:?]
	at java.base/java.nio.file.spi.FileSystemProvider.newOutputStream(FileSystemProvider.java:482) ~[?:?]
	at java.base/java.nio.file.Files.newOutputStream(Files.java:227) ~[?:?]
	at uo.a(SourceFile:71) ~[server-1.21.1.jar:?]
	at eql.a(SourceFile:46) ~[server-1.21.1.jar:?]
	at eqz.b(SourceFile:127) ~[server-1.21.1.jar:?]
	at java.base/java.util.HashMap.forEach(HashMap.java:1429) ~[?:?]
	at eqz.a(SourceFile:125) ~[server-1.21.1.jar:?]
	at aqu.av(SourceFile:833) ~[server-1.21.1.jar:?]
	at aqu.a(SourceFile:815) ~[server-1.21.1.jar:?]
	at net.minecraft.server.MinecraftServer.a(SourceFile:556) ~[server-1.21.1.jar:?]
	at net.minecraft.server.MinecraftServer.b(SourceFile:580) ~[server-1.21.1.jar:?]
	at net.minecraft.server.MinecraftServer.a(SourceFile:924) ~[server-1.21.1.jar:?]
	at net.minecraft.server.MinecraftServer.y(SourceFile:697) ~[server-1.21.1.jar:?]
	at net.minecraft.server.MinecraftServer.a(SourceFile:281) ~[server-1.21.1.jar:?]
	at java.base/java.lang.Thread.run(Thread.java:1583) [?:?]
[13:23:35] [Server thread/ERROR]: Could not save data cok@5d52ab2e
java.nio.file.NoSuchFileException: ./world/DIM1/data/raids_end.dat
	at java.base/sun.nio.fs.UnixException.translateToIOException(UnixException.java:92) ~[?:?]
	at java.base/sun.nio.fs.UnixException.rethrowAsIOException(UnixException.java:106) ~[?:?]
	at java.base/sun.nio.fs.UnixException.rethrowAsIOException(UnixException.java:111) ~[?:?]
	at java.base/sun.nio.fs.UnixFileSystemProvider.newByteChannel(UnixFileSystemProvider.java:261) ~[?:?]
	at java.base/java.nio.file.spi.FileSystemProvider.newOutputStream(FileSystemProvider.java:482) ~[?:?]
	at java.base/java.nio.file.Files.newOutputStream(Files.java:227) ~[?:?]
	at uo.a(SourceFile:71) ~[server-1.21.1.jar:?]
	at eql.a(SourceFile:46) ~[server-1.21.1.jar:?]
	at eqz.b(SourceFile:127) ~[server-1.21.1.jar:?]
	at java.base/java.util.HashMap.forEach(HashMap.java:1429) ~[?:?]
	at eqz.a(SourceFile:125) ~[server-1.21.1.jar:?]
	at aqu.av(SourceFile:833) ~[server-1.21.1.jar:?]
	at aqu.a(SourceFile:815) ~[server-1.21.1.jar:?]
	at net.minecraft.server.MinecraftServer.a(SourceFile:556) ~[server-1.21.1.jar:?]
	at net.minecraft.server.MinecraftServer.b(SourceFile:580) ~[server-1.21.1.jar:?]
	at net.minecraft.server.MinecraftServer.a(SourceFile:924) ~[server-1.21.1.jar:?]
	at net.minecraft.server.MinecraftServer.y(SourceFile:697) ~[server-1.21.1.jar:?]
	at net.minecraft.server.MinecraftServer.a(SourceFile:281) ~[server-1.21.1.jar:?]
	at java.base/java.lang.Thread.run(Thread.java:1583) [?:?]
[13:23:35] [Server thread/ERROR]: Failed to save level ./world
java.nio.file.NoSuchFileException: ./world/level17126392343021994826.dat
	at java.base/sun.nio.fs.UnixException.translateToIOException(UnixException.java:92) ~[?:?]
	at java.base/sun.nio.fs.UnixException.rethrowAsIOException(UnixException.java:106) ~[?:?]
	at java.base/sun.nio.fs.UnixException.rethrowAsIOException(UnixException.java:111) ~[?:?]
	at java.base/sun.nio.fs.UnixFileSystemProvider.newByteChannel(UnixFileSystemProvider.java:261) ~[?:?]
	at java.base/java.nio.file.Files.newByteChannel(Files.java:379) ~[?:?]
	at java.base/java.nio.file.Files.createFile(Files.java:657) ~[?:?]
	at java.base/java.nio.file.TempFileHelper.create(TempFileHelper.java:136) ~[?:?]
	at java.base/java.nio.file.TempFileHelper.createTempFile(TempFileHelper.java:159) ~[?:?]
	at java.base/java.nio.file.Files.createTempFile(Files.java:878) ~[?:?]
	at erf$c.a(SourceFile:463) ~[server-1.21.1.jar:?]
	at erf$c.a(SourceFile:457) ~[server-1.21.1.jar:?]
	at net.minecraft.server.MinecraftServer.a(SourceFile:563) ~[server-1.21.1.jar:?]
	at net.minecraft.server.MinecraftServer.b(SourceFile:580) ~[server-1.21.1.jar:?]
	at net.minecraft.server.MinecraftServer.a(SourceFile:924) ~[server-1.21.1.jar:?]
	at net.minecraft.server.MinecraftServer.y(SourceFile:697) ~[server-1.21.1.jar:?]
	at net.minecraft.server.MinecraftServer.a(SourceFile:281) ~[server-1.21.1.jar:?]
	at java.base/java.lang.Thread.run(Thread.java:1583) [?:?]
[13:28:35] [Server thread/ERROR]: Could not save data cok@513cd862
java.nio.file.NoSuchFileException: ./world/data/raids.dat
	at java.base/sun.nio.fs.UnixException.translateToIOException(UnixException.java:92) ~[?:?]
	at java.base/sun.nio.fs.UnixException.rethrowAsIOException(UnixException.java:106) ~[?:?]
	at java.base/sun.nio.fs.UnixException.rethrowAsIOException(UnixException.java:111) ~[?:?]
	at java.base/sun.nio.fs.UnixFileSystemProvider.newByteChannel(UnixFileSystemProvider.java:261) ~[?:?]
	at java.base/java.nio.file.spi.FileSystemProvider.newOutputStream(FileSystemProvider.java:482) ~[?:?]
	at java.base/java.nio.file.Files.newOutputStream(Files.java:227) ~[?:?]
	at uo.a(SourceFile:71) ~[server-1.21.1.jar:?]
	at eql.a(SourceFile:46) ~[server-1.21.1.jar:?]
	at eqz.b(SourceFile:127) ~[server-1.21.1.jar:?]
	at java.base/java.util.HashMap.forEach(HashMap.java:1429) ~[?:?]
	at eqz.a(SourceFile:125) ~[server-1.21.1.jar:?]
	at aqu.av(SourceFile:833) ~[server-1.21.1.jar:?]
	at aqu.a(SourceFile:815) ~[server-1.21.1.jar:?]
	at net.minecraft.server.MinecraftServer.a(SourceFile:556) ~[server-1.21.1.jar:?]
	at net.minecraft.server.MinecraftServer.b(SourceFile:580) ~[server-1.21.1.jar:?]
	at net.minecraft.server.MinecraftServer.a(SourceFile:924) ~[server-1.21.1.jar:?]
	at net.minecraft.server.MinecraftServer.y(SourceFile:697) ~[server-1.21.1.jar:?]
	at net.minecraft.server.MinecraftServer.a(SourceFile:281) ~[server-1.21.1.jar:?]
	at java.base/java.lang.Thread.run(Thread.java:1583) [?:?]
[13:28:35] [Server thread/ERROR]: Could not save data cok@3c002402
java.nio.file.NoSuchFileException: ./world/DIM-1/data/raids.dat
	at java.base/sun.nio.fs.UnixException.translateToIOException(UnixException.java:92) ~[?:?]
	at java.base/sun.nio.fs.UnixException.rethrowAsIOException(UnixException.java:106) ~[?:?]
	at java.base/sun.nio.fs.UnixException.rethrowAsIOException(UnixException.java:111) ~[?:?]
	at java.base/sun.nio.fs.UnixFileSystemProvider.newByteChannel(UnixFileSystemProvider.java:261) ~[?:?]
	at java.base/java.nio.file.spi.FileSystemProvider.newOutputStream(FileSystemProvider.java:482) ~[?:?]
	at java.base/java.nio.file.Files.newOutputStream(Files.java:227) ~[?:?]
	at uo.a(SourceFile:71) ~[server-1.21.1.jar:?]
	at eql.a(SourceFile:46) ~[server-1.21.1.jar:?]
	at eqz.b(SourceFile:127) ~[server-1.21.1.jar:?]
	at java.base/java.util.HashMap.forEach(HashMap.java:1429) ~[?:?]
	at eqz.a(SourceFile:125) ~[server-1.21.1.jar:?]
	at aqu.av(SourceFile:833) ~[server-1.21.1.jar:?]
	at aqu.a(SourceFile:815) ~[server-1.21.1.jar:?]
	at net.minecraft.server.MinecraftServer.a(SourceFile:556) ~[server-1.21.1.jar:?]
	at net.minecraft.server.MinecraftServer.b(SourceFile:580) ~[server-1.21.1.jar:?]
	at net.minecraft.server.MinecraftServer.a(SourceFile:924) ~[server-1.21.1.jar:?]
	at net.minecraft.server.MinecraftServer.y(SourceFile:697) ~[server-1.21.1.jar:?]
	at net.minecraft.server.MinecraftServer.a(SourceFile:281) ~[server-1.21.1.jar:?]
	at java.base/java.lang.Thread.run(Thread.java:1583) [?:?]
[13:28:35] [Server thread/ERROR]: Could not save data cok@5d52ab2e
java.nio.file.NoSuchFileException: ./world/DIM1/data/raids_end.dat
	at java.base/sun.nio.fs.UnixException.translateToIOException(UnixException.java:92) ~[?:?]
	at java.base/sun.nio.fs.UnixException.rethrowAsIOException(UnixException.java:106) ~[?:?]
	at java.base/sun.nio.fs.UnixException.rethrowAsIOException(UnixException.java:111) ~[?:?]
	at java.base/sun.nio.fs.UnixFileSystemProvider.newByteChannel(UnixFileSystemProvider.java:261) ~[?:?]
	at java.base/java.nio.file.spi.FileSystemProvider.newOutputStream(FileSystemProvider.java:482) ~[?:?]
	at java.base/java.nio.file.Files.newOutputStream(Files.java:227) ~[?:?]
	at uo.a(SourceFile:71) ~[server-1.21.1.jar:?]
	at eql.a(SourceFile:46) ~[server-1.21.1.jar:?]
	at eqz.b(SourceFile:127) ~[server-1.21.1.jar:?]
	at java.base/java.util.HashMap.forEach(HashMap.java:1429) ~[?:?]
	at eqz.a(SourceFile:125) ~[server-1.21.1.jar:?]
	at aqu.av(SourceFile:833) ~[server-1.21.1.jar:?]
	at aqu.a(SourceFile:815) ~[server-1.21.1.jar:?]
	at net.minecraft.server.MinecraftServer.a(SourceFile:556) ~[server-1.21.1.jar:?]
	at net.minecraft.server.MinecraftServer.b(SourceFile:580) ~[server-1.21.1.jar:?]
	at net.minecraft.server.MinecraftServer.a(SourceFile:924) ~[server-1.21.1.jar:?]
	at net.minecraft.server.MinecraftServer.y(SourceFile:697) ~[server-1.21.1.jar:?]
	at net.minecraft.server.MinecraftServer.a(SourceFile:281) ~[server-1.21.1.jar:?]
	at java.base/java.lang.Thread.run(Thread.java:1583) [?:?]
[13:28:35] [Server thread/ERROR]: Failed to save level ./world
java.nio.file.NoSuchFileException: ./world/level11080447153381572024.dat
	at java.base/sun.nio.fs.UnixException.translateToIOException(UnixException.java:92) ~[?:?]
	at java.base/sun.nio.fs.UnixException.rethrowAsIOException(UnixException.java:106) ~[?:?]
	at java.base/sun.nio.fs.UnixException.rethrowAsIOException(UnixException.java:111) ~[?:?]
	at java.base/sun.nio.fs.UnixFileSystemProvider.newByteChannel(UnixFileSystemProvider.java:261) ~[?:?]
	at java.base/java.nio.file.Files.newByteChannel(Files.java:379) ~[?:?]
	at java.base/java.nio.file.Files.createFile(Files.java:657) ~[?:?]
	at java.base/java.nio.file.TempFileHelper.create(TempFileHelper.java:136) ~[?:?]
	at java.base/java.nio.file.TempFileHelper.createTempFile(TempFileHelper.java:159) ~[?:?]
	at java.base/java.nio.file.Files.createTempFile(Files.java:878) ~[?:?]
	at erf$c.a(SourceFile:463) ~[server-1.21.1.jar:?]
	at erf$c.a(SourceFile:457) ~[server-1.21.1.jar:?]
	at net.minecraft.server.MinecraftServer.a(SourceFile:563) ~[server-1.21.1.jar:?]
	at net.minecraft.server.MinecraftServer.b(SourceFile:580) ~[server-1.21.1.jar:?]
	at net.minecraft.server.MinecraftServer.a(SourceFile:924) ~[server-1.21.1.jar:?]
	at net.minecraft.server.MinecraftServer.y(SourceFile:697) ~[server-1.21.1.jar:?]
	at net.minecraft.server.MinecraftServer.a(SourceFile:281) ~[server-1.21.1.jar:?]
	at java.base/java.lang.Thread.run(Thread.java:1583) [?:?]
